[INFO ] 2018-01-29 11:40:54.126 [restartedMain] App - Starting App on zhouguoliangdeMacBook-Pro.local with PID 5048 (/Users/zhouguoliang/Documents/workspace/yunche-biz/loanBusiness/target/classes started by zhouguoliang in /Users/zhouguoliang/Documents/workspace/yunche-biz/loanBusiness)
[DEBUG] 2018-01-29 11:40:54.130 [restartedMain] App - Running with Spring Boot v1.5.9.RELEASE, Spring v4.3.13.RELEASE
[INFO ] 2018-01-29 11:40:54.131 [restartedMain] App - The following profiles are active: prepub
[INFO ] 2018-01-29 11:41:09.225 [restartedMain] App - Started App in 15.634 seconds (JVM running for 17.694)
[INFO ] 2018-01-29 11:41:10.781 [http-nio-8001-exec-1] FinancialProductController - query-{"areaId":330000000000,"city":"杭州市","pageIndex":1,"pageSize":10,"prov":"浙江省","startRow":0}
[DEBUG] 2018-01-29 11:41:10.820 [http-nio-8001-exec-1] selectByCondition - ==>  Preparing: select prod_id, prod_name, bank_name, mnemonic_code, account, sign_phone, sign_bank_code, biz_type, category_superior, category_junior, rate, mortgage_term, area_id, prov, city, gmt_create, gmt_modify, feature, status from financial_product where 1=1 AND area_id IN ( ? ) 
[DEBUG] 2018-01-29 11:41:10.830 [http-nio-8001-exec-1] selectByCondition - ==> Parameters: 330000000000(Long)
[DEBUG] 2018-01-29 11:41:10.850 [http-nio-8001-exec-1] selectByCondition - <==      Total: 0
[INFO ] 2018-01-29 11:41:17.618 [http-nio-8001-exec-2] FinancialProductController - query-{"areaId":330000000000,"pageIndex":1,"pageSize":10,"prov":"浙江省","startRow":0}
[DEBUG] 2018-01-29 11:41:17.645 [http-nio-8001-exec-2] getAll - ==>  Preparing: select area_id, parent_area_id, area_name, parent_area_name, level, gmt_create, gmt_modify, status, feature from base_area WHERE status = ? 
[DEBUG] 2018-01-29 11:41:17.645 [http-nio-8001-exec-2] getAll - ==> Parameters: 0(Byte)
[DEBUG] 2018-01-29 11:41:17.773 [http-nio-8001-exec-2] getAll - <==      Total: 377
[DEBUG] 2018-01-29 11:41:17.878 [http-nio-8001-exec-2] selectByCondition - ==>  Preparing: select prod_id, prod_name, bank_name, mnemonic_code, account, sign_phone, sign_bank_code, biz_type, category_superior, category_junior, rate, mortgage_term, area_id, prov, city, gmt_create, gmt_modify, feature, status from financial_product where 1=1 AND area_id IN ( ? , ? , ? , ? , ? , ? , ? , ? , ? , ? , ? , ? ) 
[DEBUG] 2018-01-29 11:41:17.879 [http-nio-8001-exec-2] selectByCondition - ==> Parameters: 330100000000(Long), 330200000000(Long), 330300000000(Long), 330400000000(Long), 330500000000(Long), 330600000000(Long), 330700000000(Long), 330800000000(Long), 330900000000(Long), 331000000000(Long), 331100000000(Long), 330000000000(Long)
[DEBUG] 2018-01-29 11:41:17.890 [http-nio-8001-exec-2] selectByCondition - <==      Total: 1
[DEBUG] 2018-01-29 11:41:17.903 [http-nio-8001-exec-2] selectByPrimaryKey - ==>  Preparing: select area_id, parent_area_id, area_name, parent_area_name, level, gmt_create, gmt_modify, status, feature from base_area where area_id = ? AND status = ? 
[DEBUG] 2018-01-29 11:41:17.904 [http-nio-8001-exec-2] selectByPrimaryKey - ==> Parameters: 330100000000(Long), 0(Byte)
[DEBUG] 2018-01-29 11:41:17.916 [http-nio-8001-exec-2] selectByPrimaryKey - <==      Total: 1
[INFO ] 2018-01-29 11:41:33.691 [http-nio-8001-exec-3] FinancialProductController - query-{"areaId":330000000000,"bizType":2,"pageIndex":1,"pageSize":10,"prov":"浙江省","startRow":0}
[DEBUG] 2018-01-29 11:41:33.700 [http-nio-8001-exec-3] getAll - ==>  Preparing: select area_id, parent_area_id, area_name, parent_area_name, level, gmt_create, gmt_modify, status, feature from base_area WHERE status = ? 
[DEBUG] 2018-01-29 11:41:33.701 [http-nio-8001-exec-3] getAll - ==> Parameters: 0(Byte)
[DEBUG] 2018-01-29 11:41:33.761 [http-nio-8001-exec-3] getAll - <==      Total: 377
[DEBUG] 2018-01-29 11:41:33.770 [http-nio-8001-exec-3] selectByCondition - ==>  Preparing: select prod_id, prod_name, bank_name, mnemonic_code, account, sign_phone, sign_bank_code, biz_type, category_superior, category_junior, rate, mortgage_term, area_id, prov, city, gmt_create, gmt_modify, feature, status from financial_product where 1=1 AND biz_type IN (0, 1) AND area_id IN ( ? , ? , ? , ? , ? , ? , ? , ? , ? , ? , ? , ? ) 
[DEBUG] 2018-01-29 11:41:33.771 [http-nio-8001-exec-3] selectByCondition - ==> Parameters: 330100000000(Long), 330200000000(Long), 330300000000(Long), 330400000000(Long), 330500000000(Long), 330600000000(Long), 330700000000(Long), 330800000000(Long), 330900000000(Long), 331000000000(Long), 331100000000(Long), 330000000000(Long)
[DEBUG] 2018-01-29 11:41:33.782 [http-nio-8001-exec-3] selectByCondition - <==      Total: 1
[DEBUG] 2018-01-29 11:41:33.783 [http-nio-8001-exec-3] selectByPrimaryKey - ==>  Preparing: select area_id, parent_area_id, area_name, parent_area_name, level, gmt_create, gmt_modify, status, feature from base_area where area_id = ? AND status = ? 
[DEBUG] 2018-01-29 11:41:33.783 [http-nio-8001-exec-3] selectByPrimaryKey - ==> Parameters: 330100000000(Long), 0(Byte)
[DEBUG] 2018-01-29 11:41:33.789 [http-nio-8001-exec-3] selectByPrimaryKey - <==      Total: 1
[INFO ] 2018-01-29 11:41:38.284 [http-nio-8001-exec-4] FinancialProductController - query-{"areaId":330000000000,"bizType":2,"pageIndex":1,"pageSize":10,"prov":"浙江省","startRow":0}
[DEBUG] 2018-01-29 11:41:38.293 [http-nio-8001-exec-4] getAll - ==>  Preparing: select area_id, parent_area_id, area_name, parent_area_name, level, gmt_create, gmt_modify, status, feature from base_area WHERE status = ? 
[DEBUG] 2018-01-29 11:41:38.293 [http-nio-8001-exec-4] getAll - ==> Parameters: 0(Byte)
[DEBUG] 2018-01-29 11:41:38.324 [http-nio-8001-exec-4] getAll - <==      Total: 377
[DEBUG] 2018-01-29 11:41:38.327 [http-nio-8001-exec-4] selectByCondition - ==>  Preparing: select prod_id, prod_name, bank_name, mnemonic_code, account, sign_phone, sign_bank_code, biz_type, category_superior, category_junior, rate, mortgage_term, area_id, prov, city, gmt_create, gmt_modify, feature, status from financial_product where 1=1 AND biz_type IN (0, 1) AND area_id IN ( ? , ? , ? , ? , ? , ? , ? , ? , ? , ? , ? , ? ) 
[DEBUG] 2018-01-29 11:41:38.328 [http-nio-8001-exec-4] selectByCondition - ==> Parameters: 330100000000(Long), 330200000000(Long), 330300000000(Long), 330400000000(Long), 330500000000(Long), 330600000000(Long), 330700000000(Long), 330800000000(Long), 330900000000(Long), 331000000000(Long), 331100000000(Long), 330000000000(Long)
[DEBUG] 2018-01-29 11:41:38.334 [http-nio-8001-exec-4] selectByCondition - <==      Total: 1
[DEBUG] 2018-01-29 11:41:38.335 [http-nio-8001-exec-4] selectByPrimaryKey - ==>  Preparing: select area_id, parent_area_id, area_name, parent_area_name, level, gmt_create, gmt_modify, status, feature from base_area where area_id = ? AND status = ? 
[DEBUG] 2018-01-29 11:41:38.336 [http-nio-8001-exec-4] selectByPrimaryKey - ==> Parameters: 330100000000(Long), 0(Byte)
[DEBUG] 2018-01-29 11:41:38.355 [http-nio-8001-exec-4] selectByPrimaryKey - <==      Total: 1
[INFO ] 2018-01-29 11:42:05.570 [http-nio-8001-exec-5] FinancialProductController - query-{"areaId":330000000000,"bizType":2,"pageIndex":1,"pageSize":10,"prov":"浙江省","startRow":0}
[DEBUG] 2018-01-29 11:42:05.615 [http-nio-8001-exec-5] getAll - ==>  Preparing: select area_id, parent_area_id, area_name, parent_area_name, level, gmt_create, gmt_modify, status, feature from base_area WHERE status = ? 
[DEBUG] 2018-01-29 11:42:05.615 [http-nio-8001-exec-5] getAll - ==> Parameters: 0(Byte)
[DEBUG] 2018-01-29 11:42:05.693 [http-nio-8001-exec-5] getAll - <==      Total: 377
[DEBUG] 2018-01-29 11:42:05.696 [http-nio-8001-exec-5] selectByCondition - ==>  Preparing: select prod_id, prod_name, bank_name, mnemonic_code, account, sign_phone, sign_bank_code, biz_type, category_superior, category_junior, rate, mortgage_term, area_id, prov, city, gmt_create, gmt_modify, feature, status from financial_product where 1=1 AND biz_type IN (0, 1) AND area_id IN ( ? , ? , ? , ? , ? , ? , ? , ? , ? , ? , ? , ? ) 
[DEBUG] 2018-01-29 11:42:05.696 [http-nio-8001-exec-5] selectByCondition - ==> Parameters: 330100000000(Long), 330200000000(Long), 330300000000(Long), 330400000000(Long), 330500000000(Long), 330600000000(Long), 330700000000(Long), 330800000000(Long), 330900000000(Long), 331000000000(Long), 331100000000(Long), 330000000000(Long)
[DEBUG] 2018-01-29 11:42:05.744 [http-nio-8001-exec-5] selectByCondition - <==      Total: 1
[DEBUG] 2018-01-29 11:42:05.745 [http-nio-8001-exec-5] selectByPrimaryKey - ==>  Preparing: select area_id, parent_area_id, area_name, parent_area_name, level, gmt_create, gmt_modify, status, feature from base_area where area_id = ? AND status = ? 
[DEBUG] 2018-01-29 11:42:05.746 [http-nio-8001-exec-5] selectByPrimaryKey - ==> Parameters: 330100000000(Long), 0(Byte)
[DEBUG] 2018-01-29 11:42:05.772 [http-nio-8001-exec-5] selectByPrimaryKey - <==      Total: 1
[INFO ] 2018-01-29 11:42:11.011 [http-nio-8001-exec-6] FinancialProductController - query-{"areaId":330000000000,"pageIndex":1,"pageSize":10,"prov":"浙江省","startRow":0}
[DEBUG] 2018-01-29 11:42:11.029 [http-nio-8001-exec-6] getAll - ==>  Preparing: select area_id, parent_area_id, area_name, parent_area_name, level, gmt_create, gmt_modify, status, feature from base_area WHERE status = ? 
[DEBUG] 2018-01-29 11:42:11.030 [http-nio-8001-exec-6] getAll - ==> Parameters: 0(Byte)
[DEBUG] 2018-01-29 11:42:11.063 [http-nio-8001-exec-6] getAll - <==      Total: 377
[DEBUG] 2018-01-29 11:42:11.067 [http-nio-8001-exec-6] selectByCondition - ==>  Preparing: select prod_id, prod_name, bank_name, mnemonic_code, account, sign_phone, sign_bank_code, biz_type, category_superior, category_junior, rate, mortgage_term, area_id, prov, city, gmt_create, gmt_modify, feature, status from financial_product where 1=1 AND area_id IN ( ? , ? , ? , ? , ? , ? , ? , ? , ? , ? , ? , ? ) 
[DEBUG] 2018-01-29 11:42:11.067 [http-nio-8001-exec-6] selectByCondition - ==> Parameters: 330100000000(Long), 330200000000(Long), 330300000000(Long), 330400000000(Long), 330500000000(Long), 330600000000(Long), 330700000000(Long), 330800000000(Long), 330900000000(Long), 331000000000(Long), 331100000000(Long), 330000000000(Long)
[DEBUG] 2018-01-29 11:42:11.089 [http-nio-8001-exec-6] selectByCondition - <==      Total: 1
[DEBUG] 2018-01-29 11:42:11.091 [http-nio-8001-exec-6] selectByPrimaryKey - ==>  Preparing: select area_id, parent_area_id, area_name, parent_area_name, level, gmt_create, gmt_modify, status, feature from base_area where area_id = ? AND status = ? 
[DEBUG] 2018-01-29 11:42:11.092 [http-nio-8001-exec-6] selectByPrimaryKey - ==> Parameters: 330100000000(Long), 0(Byte)
[DEBUG] 2018-01-29 11:42:11.101 [http-nio-8001-exec-6] selectByPrimaryKey - <==      Total: 1
[INFO ] 2018-01-29 11:42:31.935 [http-nio-8001-exec-7] FinancialProductController - query-{"areaId":330000000000,"bizType":1,"pageIndex":1,"pageSize":10,"prov":"浙江省","startRow":0}
[DEBUG] 2018-01-29 11:42:31.954 [http-nio-8001-exec-7] getAll - ==>  Preparing: select area_id, parent_area_id, area_name, parent_area_name, level, gmt_create, gmt_modify, status, feature from base_area WHERE status = ? 
[DEBUG] 2018-01-29 11:42:31.954 [http-nio-8001-exec-7] getAll - ==> Parameters: 0(Byte)
[DEBUG] 2018-01-29 11:42:31.972 [http-nio-8001-exec-7] getAll - <==      Total: 377
[DEBUG] 2018-01-29 11:42:31.974 [http-nio-8001-exec-7] selectByCondition - ==>  Preparing: select prod_id, prod_name, bank_name, mnemonic_code, account, sign_phone, sign_bank_code, biz_type, category_superior, category_junior, rate, mortgage_term, area_id, prov, city, gmt_create, gmt_modify, feature, status from financial_product where 1=1 AND biz_type IN (0, 1) AND area_id IN ( ? , ? , ? , ? , ? , ? , ? , ? , ? , ? , ? , ? ) 
[DEBUG] 2018-01-29 11:42:31.975 [http-nio-8001-exec-7] selectByCondition - ==> Parameters: 330100000000(Long), 330200000000(Long), 330300000000(Long), 330400000000(Long), 330500000000(Long), 330600000000(Long), 330700000000(Long), 330800000000(Long), 330900000000(Long), 331000000000(Long), 331100000000(Long), 330000000000(Long)
[DEBUG] 2018-01-29 11:42:31.984 [http-nio-8001-exec-7] selectByCondition - <==      Total: 1
[DEBUG] 2018-01-29 11:42:31.985 [http-nio-8001-exec-7] selectByPrimaryKey - ==>  Preparing: select area_id, parent_area_id, area_name, parent_area_name, level, gmt_create, gmt_modify, status, feature from base_area where area_id = ? AND status = ? 
[DEBUG] 2018-01-29 11:42:31.985 [http-nio-8001-exec-7] selectByPrimaryKey - ==> Parameters: 330100000000(Long), 0(Byte)
[DEBUG] 2018-01-29 11:42:31.991 [http-nio-8001-exec-7] selectByPrimaryKey - <==      Total: 1
[INFO ] 2018-01-29 11:42:41.763 [http-nio-8001-exec-8] FinancialProductController - query-{"areaId":330000000000,"bizType":1,"pageIndex":1,"pageSize":10,"prov":"浙江省","startRow":0}
[DEBUG] 2018-01-29 11:42:41.771 [http-nio-8001-exec-8] getAll - ==>  Preparing: select area_id, parent_area_id, area_name, parent_area_name, level, gmt_create, gmt_modify, status, feature from base_area WHERE status = ? 
[DEBUG] 2018-01-29 11:42:41.771 [http-nio-8001-exec-8] getAll - ==> Parameters: 0(Byte)
[DEBUG] 2018-01-29 11:42:41.789 [http-nio-8001-exec-8] getAll - <==      Total: 377
[DEBUG] 2018-01-29 11:42:41.792 [http-nio-8001-exec-8] selectByCondition - ==>  Preparing: select prod_id, prod_name, bank_name, mnemonic_code, account, sign_phone, sign_bank_code, biz_type, category_superior, category_junior, rate, mortgage_term, area_id, prov, city, gmt_create, gmt_modify, feature, status from financial_product where 1=1 AND biz_type IN (0, 1) AND area_id IN ( ? , ? , ? , ? , ? , ? , ? , ? , ? , ? , ? , ? ) 
[DEBUG] 2018-01-29 11:42:41.793 [http-nio-8001-exec-8] selectByCondition - ==> Parameters: 330100000000(Long), 330200000000(Long), 330300000000(Long), 330400000000(Long), 330500000000(Long), 330600000000(Long), 330700000000(Long), 330800000000(Long), 330900000000(Long), 331000000000(Long), 331100000000(Long), 330000000000(Long)
[DEBUG] 2018-01-29 11:42:41.804 [http-nio-8001-exec-8] selectByCondition - <==      Total: 1
[DEBUG] 2018-01-29 11:42:41.805 [http-nio-8001-exec-8] selectByPrimaryKey - ==>  Preparing: select area_id, parent_area_id, area_name, parent_area_name, level, gmt_create, gmt_modify, status, feature from base_area where area_id = ? AND status = ? 
[DEBUG] 2018-01-29 11:42:41.805 [http-nio-8001-exec-8] selectByPrimaryKey - ==> Parameters: 330100000000(Long), 0(Byte)
[DEBUG] 2018-01-29 11:42:41.812 [http-nio-8001-exec-8] selectByPrimaryKey - <==      Total: 1
[INFO ] 2018-01-29 11:43:50.482 [http-nio-8001-exec-10] FinancialProductController - query-{"areaId":330000000000,"bizType":1,"pageIndex":1,"pageSize":10,"prov":"浙江省","startRow":0}
[DEBUG] 2018-01-29 11:43:50.525 [http-nio-8001-exec-10] getAll - ==>  Preparing: select area_id, parent_area_id, area_name, parent_area_name, level, gmt_create, gmt_modify, status, feature from base_area WHERE status = ? 
[DEBUG] 2018-01-29 11:43:50.526 [http-nio-8001-exec-10] getAll - ==> Parameters: 0(Byte)
[DEBUG] 2018-01-29 11:43:50.552 [http-nio-8001-exec-10] getAll - <==      Total: 377
[DEBUG] 2018-01-29 11:43:50.564 [http-nio-8001-exec-10] selectByCondition - ==>  Preparing: select prod_id, prod_name, bank_name, mnemonic_code, account, sign_phone, sign_bank_code, biz_type, category_superior, category_junior, rate, mortgage_term, area_id, prov, city, gmt_create, gmt_modify, feature, status from financial_product where 1=1 AND biz_type IN (0, 1) AND area_id IN ( ? , ? , ? , ? , ? , ? , ? , ? , ? , ? , ? , ? ) 
[DEBUG] 2018-01-29 11:43:50.565 [http-nio-8001-exec-10] selectByCondition - ==> Parameters: 330100000000(Long), 330200000000(Long), 330300000000(Long), 330400000000(Long), 330500000000(Long), 330600000000(Long), 330700000000(Long), 330800000000(Long), 330900000000(Long), 331000000000(Long), 331100000000(Long), 330000000000(Long)
[DEBUG] 2018-01-29 11:43:50.574 [http-nio-8001-exec-10] selectByCondition - <==      Total: 1
[DEBUG] 2018-01-29 11:43:50.575 [http-nio-8001-exec-10] selectByPrimaryKey - ==>  Preparing: select area_id, parent_area_id, area_name, parent_area_name, level, gmt_create, gmt_modify, status, feature from base_area where area_id = ? AND status = ? 
[DEBUG] 2018-01-29 11:43:50.576 [http-nio-8001-exec-10] selectByPrimaryKey - ==> Parameters: 330100000000(Long), 0(Byte)
[DEBUG] 2018-01-29 11:43:50.588 [http-nio-8001-exec-10] selectByPrimaryKey - <==      Total: 1
[INFO ] 2018-01-29 11:45:45.347 [http-nio-8001-exec-2] FinancialProductController - query-{"areaId":330000000000,"bizType":1,"pageIndex":1,"pageSize":10,"prov":"浙江省","startRow":0}
[DEBUG] 2018-01-29 11:45:45.366 [http-nio-8001-exec-2] getAll - ==>  Preparing: select area_id, parent_area_id, area_name, parent_area_name, level, gmt_create, gmt_modify, status, feature from base_area WHERE status = ? 
[DEBUG] 2018-01-29 11:45:45.366 [http-nio-8001-exec-2] getAll - ==> Parameters: 0(Byte)
[DEBUG] 2018-01-29 11:45:45.412 [http-nio-8001-exec-2] getAll - <==      Total: 377
[DEBUG] 2018-01-29 11:45:45.417 [http-nio-8001-exec-2] selectByCondition - ==>  Preparing: select prod_id, prod_name, bank_name, mnemonic_code, account, sign_phone, sign_bank_code, biz_type, category_superior, category_junior, rate, mortgage_term, area_id, prov, city, gmt_create, gmt_modify, feature, status from financial_product where 1=1 AND biz_type IN (0, 1) AND area_id IN ( ? , ? , ? , ? , ? , ? , ? , ? , ? , ? , ? , ? ) 
[DEBUG] 2018-01-29 11:45:45.418 [http-nio-8001-exec-2] selectByCondition - ==> Parameters: 330100000000(Long), 330200000000(Long), 330300000000(Long), 330400000000(Long), 330500000000(Long), 330600000000(Long), 330700000000(Long), 330800000000(Long), 330900000000(Long), 331000000000(Long), 331100000000(Long), 330000000000(Long)
[DEBUG] 2018-01-29 11:45:45.429 [http-nio-8001-exec-2] selectByCondition - <==      Total: 1
[DEBUG] 2018-01-29 11:45:45.429 [http-nio-8001-exec-2] selectByPrimaryKey - ==>  Preparing: select area_id, parent_area_id, area_name, parent_area_name, level, gmt_create, gmt_modify, status, feature from base_area where area_id = ? AND status = ? 
[DEBUG] 2018-01-29 11:45:45.430 [http-nio-8001-exec-2] selectByPrimaryKey - ==> Parameters: 330100000000(Long), 0(Byte)
[DEBUG] 2018-01-29 11:45:45.433 [http-nio-8001-exec-2] selectByPrimaryKey - <==      Total: 1
[INFO ] 2018-01-29 11:46:02.964 [restartedMain] App - Starting App on zhouguoliangdeMacBook-Pro.local with PID 5065 (/Users/zhouguoliang/Documents/workspace/yunche-biz/loanBusiness/target/classes started by zhouguoliang in /Users/zhouguoliang/Documents/workspace/yunche-biz/loanBusiness)
[DEBUG] 2018-01-29 11:46:02.974 [restartedMain] App - Running with Spring Boot v1.5.9.RELEASE, Spring v4.3.13.RELEASE
[INFO ] 2018-01-29 11:46:02.974 [restartedMain] App - The following profiles are active: prepub
[INFO ] 2018-01-29 11:46:12.155 [restartedMain] App - Started App in 10.065 seconds (JVM running for 11.871)
[INFO ] 2018-01-29 11:46:17.015 [http-nio-8001-exec-1] FinancialProductController - query-{"areaId":330000000000,"bizType":1,"pageIndex":1,"pageSize":10,"prov":"浙江省","startRow":0}
[DEBUG] 2018-01-29 11:46:17.045 [http-nio-8001-exec-1] getAll - ==>  Preparing: select area_id, parent_area_id, area_name, parent_area_name, level, gmt_create, gmt_modify, status, feature from base_area WHERE status = ? 
[DEBUG] 2018-01-29 11:46:17.054 [http-nio-8001-exec-1] getAll - ==> Parameters: 0(Byte)
[DEBUG] 2018-01-29 11:46:17.138 [http-nio-8001-exec-1] getAll - <==      Total: 377
[DEBUG] 2018-01-29 11:46:17.204 [http-nio-8001-exec-1] selectByCondition - ==>  Preparing: select prod_id, prod_name, bank_name, mnemonic_code, account, sign_phone, sign_bank_code, biz_type, category_superior, category_junior, rate, mortgage_term, area_id, prov, city, gmt_create, gmt_modify, feature, status from financial_product where 1=1 AND biz_type = ? AND area_id IN ( ? , ? , ? , ? , ? , ? , ? , ? , ? , ? , ? , ? ) 
[DEBUG] 2018-01-29 11:46:17.205 [http-nio-8001-exec-1] selectByCondition - ==> Parameters: 1(Integer), 330100000000(Long), 330200000000(Long), 330300000000(Long), 330400000000(Long), 330500000000(Long), 330600000000(Long), 330700000000(Long), 330800000000(Long), 330900000000(Long), 331000000000(Long), 331100000000(Long), 330000000000(Long)
[DEBUG] 2018-01-29 11:46:17.215 [http-nio-8001-exec-1] selectByCondition - <==      Total: 0
[INFO ] 2018-01-29 11:46:49.833 [http-nio-8001-exec-2] FinancialProductController - query-{"areaId":330000000000,"bizType":1,"pageIndex":1,"pageSize":10,"prov":"浙江省","startRow":0}
[DEBUG] 2018-01-29 11:46:49.906 [http-nio-8001-exec-2] getAll - ==>  Preparing: select area_id, parent_area_id, area_name, parent_area_name, level, gmt_create, gmt_modify, status, feature from base_area WHERE status = ? 
[DEBUG] 2018-01-29 11:46:49.906 [http-nio-8001-exec-2] getAll - ==> Parameters: 0(Byte)
[DEBUG] 2018-01-29 11:46:50.120 [http-nio-8001-exec-2] getAll - <==      Total: 377
[DEBUG] 2018-01-29 11:46:50.124 [http-nio-8001-exec-2] selectByCondition - ==>  Preparing: select prod_id, prod_name, bank_name, mnemonic_code, account, sign_phone, sign_bank_code, biz_type, category_superior, category_junior, rate, mortgage_term, area_id, prov, city, gmt_create, gmt_modify, feature, status from financial_product where 1=1 AND biz_type = ? AND area_id IN ( ? , ? , ? , ? , ? , ? , ? , ? , ? , ? , ? , ? ) 
[DEBUG] 2018-01-29 11:46:50.126 [http-nio-8001-exec-2] selectByCondition - ==> Parameters: 1(Integer), 330100000000(Long), 330200000000(Long), 330300000000(Long), 330400000000(Long), 330500000000(Long), 330600000000(Long), 330700000000(Long), 330800000000(Long), 330900000000(Long), 331000000000(Long), 331100000000(Long), 330000000000(Long)
[DEBUG] 2018-01-29 11:46:50.202 [http-nio-8001-exec-2] selectByCondition - <==      Total: 0
[INFO ] 2018-01-29 11:55:31.815 [restartedMain] App - Starting App on zhouguoliangdeMacBook-Pro.local with PID 5404 (/Users/zhouguoliang/Documents/workspace/yunche-biz/loanBusiness/target/classes started by zhouguoliang in /Users/zhouguoliang/Documents/workspace/yunche-biz/loanBusiness)
[DEBUG] 2018-01-29 11:55:31.820 [restartedMain] App - Running with Spring Boot v1.5.9.RELEASE, Spring v4.3.13.RELEASE
[INFO ] 2018-01-29 11:55:31.820 [restartedMain] App - The following profiles are active: prepub
[INFO ] 2018-01-29 11:55:42.569 [restartedMain] App - Started App in 11.411 seconds (JVM running for 13.768)
[INFO ] 2018-01-29 11:55:47.013 [http-nio-8001-exec-1] FinancialProductController - query-{"areaId":330000000000,"bizType":1,"pageIndex":1,"pageSize":10,"prov":"浙江省","startRow":0}
[DEBUG] 2018-01-29 11:55:47.049 [http-nio-8001-exec-1] getAll - ==>  Preparing: select area_id, parent_area_id, area_name, parent_area_name, level, gmt_create, gmt_modify, status, feature from base_area WHERE status = ? 
[DEBUG] 2018-01-29 11:55:47.058 [http-nio-8001-exec-1] getAll - ==> Parameters: 0(Byte)
[DEBUG] 2018-01-29 11:55:47.216 [http-nio-8001-exec-1] getAll - <==      Total: 377
[DEBUG] 2018-01-29 11:55:47.306 [http-nio-8001-exec-1] selectByCondition - ==>  Preparing: select prod_id, prod_name, bank_name, mnemonic_code, account, sign_phone, sign_bank_code, biz_type, category_superior, category_junior, rate, mortgage_term, area_id, prov, city, gmt_create, gmt_modify, feature, status from financial_product where 1=1 AND biz_type = ? AND area_id IN ( ? , ? , ? , ? , ? , ? , ? , ? , ? , ? , ? , ? ) 
[DEBUG] 2018-01-29 11:55:47.308 [http-nio-8001-exec-1] selectByCondition - ==> Parameters: 1(Integer), 330100000000(Long), 330200000000(Long), 330300000000(Long), 330400000000(Long), 330500000000(Long), 330600000000(Long), 330700000000(Long), 330800000000(Long), 330900000000(Long), 331000000000(Long), 331100000000(Long), 330000000000(Long)
[DEBUG] 2018-01-29 11:55:47.412 [http-nio-8001-exec-1] selectByCondition - <==      Total: 0
[INFO ] 2018-01-29 11:55:52.096 [http-nio-8001-exec-2] FinancialProductController - query-{"areaId":330000000000,"bizType":0,"pageIndex":1,"pageSize":10,"prov":"浙江省","startRow":0}
[DEBUG] 2018-01-29 11:55:52.152 [http-nio-8001-exec-2] getAll - ==>  Preparing: select area_id, parent_area_id, area_name, parent_area_name, level, gmt_create, gmt_modify, status, feature from base_area WHERE status = ? 
[DEBUG] 2018-01-29 11:55:52.155 [http-nio-8001-exec-2] getAll - ==> Parameters: 0(Byte)
[DEBUG] 2018-01-29 11:55:52.278 [http-nio-8001-exec-2] getAll - <==      Total: 377
[DEBUG] 2018-01-29 11:55:52.283 [http-nio-8001-exec-2] selectByCondition - ==>  Preparing: select prod_id, prod_name, bank_name, mnemonic_code, account, sign_phone, sign_bank_code, biz_type, category_superior, category_junior, rate, mortgage_term, area_id, prov, city, gmt_create, gmt_modify, feature, status from financial_product where 1=1 AND biz_type = ? AND area_id IN ( ? , ? , ? , ? , ? , ? , ? , ? , ? , ? , ? , ? ) 
[DEBUG] 2018-01-29 11:55:52.283 [http-nio-8001-exec-2] selectByCondition - ==> Parameters: 0(Integer), 330100000000(Long), 330200000000(Long), 330300000000(Long), 330400000000(Long), 330500000000(Long), 330600000000(Long), 330700000000(Long), 330800000000(Long), 330900000000(Long), 331000000000(Long), 331100000000(Long), 330000000000(Long)
[DEBUG] 2018-01-29 11:55:52.321 [http-nio-8001-exec-2] selectByCondition - <==      Total: 1
[DEBUG] 2018-01-29 11:55:52.330 [http-nio-8001-exec-2] selectByPrimaryKey - ==>  Preparing: select area_id, parent_area_id, area_name, parent_area_name, level, gmt_create, gmt_modify, status, feature from base_area where area_id = ? AND status = ? 
[DEBUG] 2018-01-29 11:55:52.330 [http-nio-8001-exec-2] selectByPrimaryKey - ==> Parameters: 330100000000(Long), 0(Byte)
[DEBUG] 2018-01-29 11:55:52.359 [http-nio-8001-exec-2] selectByPrimaryKey - <==      Total: 1
[INFO ] 2018-01-29 11:55:55.895 [http-nio-8001-exec-3] FinancialProductController - query-{"areaId":330000000000,"bizType":2,"pageIndex":1,"pageSize":10,"prov":"浙江省","startRow":0}
[DEBUG] 2018-01-29 11:55:56.028 [http-nio-8001-exec-3] getAll - ==>  Preparing: select area_id, parent_area_id, area_name, parent_area_name, level, gmt_create, gmt_modify, status, feature from base_area WHERE status = ? 
[DEBUG] 2018-01-29 11:55:56.029 [http-nio-8001-exec-3] getAll - ==> Parameters: 0(Byte)
[DEBUG] 2018-01-29 11:55:56.368 [http-nio-8001-exec-3] getAll - <==      Total: 377
[DEBUG] 2018-01-29 11:55:56.372 [http-nio-8001-exec-3] selectByCondition - ==>  Preparing: select prod_id, prod_name, bank_name, mnemonic_code, account, sign_phone, sign_bank_code, biz_type, category_superior, category_junior, rate, mortgage_term, area_id, prov, city, gmt_create, gmt_modify, feature, status from financial_product where 1=1 AND biz_type IN (0, 1, 2) AND area_id IN ( ? , ? , ? , ? , ? , ? , ? , ? , ? , ? , ? , ? ) 
[DEBUG] 2018-01-29 11:55:56.372 [http-nio-8001-exec-3] selectByCondition - ==> Parameters: 330100000000(Long), 330200000000(Long), 330300000000(Long), 330400000000(Long), 330500000000(Long), 330600000000(Long), 330700000000(Long), 330800000000(Long), 330900000000(Long), 331000000000(Long), 331100000000(Long), 330000000000(Long)
[DEBUG] 2018-01-29 11:55:56.435 [http-nio-8001-exec-3] selectByCondition - <==      Total: 1
[DEBUG] 2018-01-29 11:55:56.436 [http-nio-8001-exec-3] selectByPrimaryKey - ==>  Preparing: select area_id, parent_area_id, area_name, parent_area_name, level, gmt_create, gmt_modify, status, feature from base_area where area_id = ? AND status = ? 
[DEBUG] 2018-01-29 11:55:56.437 [http-nio-8001-exec-3] selectByPrimaryKey - ==> Parameters: 330100000000(Long), 0(Byte)
[DEBUG] 2018-01-29 11:55:56.457 [http-nio-8001-exec-3] selectByPrimaryKey - <==      Total: 1
[INFO ] 2018-01-29 11:56:04.234 [http-nio-8001-exec-4] FinancialProductController - query-{"areaId":330000000000,"pageIndex":1,"pageSize":10,"prov":"浙江省","startRow":0}
[DEBUG] 2018-01-29 11:56:04.252 [http-nio-8001-exec-4] getAll - ==>  Preparing: select area_id, parent_area_id, area_name, parent_area_name, level, gmt_create, gmt_modify, status, feature from base_area WHERE status = ? 
[DEBUG] 2018-01-29 11:56:04.252 [http-nio-8001-exec-4] getAll - ==> Parameters: 0(Byte)
[DEBUG] 2018-01-29 11:56:04.284 [http-nio-8001-exec-4] getAll - <==      Total: 377
[DEBUG] 2018-01-29 11:56:04.292 [http-nio-8001-exec-4] selectByCondition - ==>  Preparing: select prod_id, prod_name, bank_name, mnemonic_code, account, sign_phone, sign_bank_code, biz_type, category_superior, category_junior, rate, mortgage_term, area_id, prov, city, gmt_create, gmt_modify, feature, status from financial_product where 1=1 AND area_id IN ( ? , ? , ? , ? , ? , ? , ? , ? , ? , ? , ? , ? ) 
[DEBUG] 2018-01-29 11:56:04.293 [http-nio-8001-exec-4] selectByCondition - ==> Parameters: 330100000000(Long), 330200000000(Long), 330300000000(Long), 330400000000(Long), 330500000000(Long), 330600000000(Long), 330700000000(Long), 330800000000(Long), 330900000000(Long), 331000000000(Long), 331100000000(Long), 330000000000(Long)
[DEBUG] 2018-01-29 11:56:04.306 [http-nio-8001-exec-4] selectByCondition - <==      Total: 1
[DEBUG] 2018-01-29 11:56:04.307 [http-nio-8001-exec-4] selectByPrimaryKey - ==>  Preparing: select area_id, parent_area_id, area_name, parent_area_name, level, gmt_create, gmt_modify, status, feature from base_area where area_id = ? AND status = ? 
[DEBUG] 2018-01-29 11:56:04.308 [http-nio-8001-exec-4] selectByPrimaryKey - ==> Parameters: 330100000000(Long), 0(Byte)
[DEBUG] 2018-01-29 11:56:04.320 [http-nio-8001-exec-4] selectByPrimaryKey - <==      Total: 1
[INFO ] 2018-01-29 11:56:07.834 [http-nio-8001-exec-5] FinancialProductController - query-{"areaId":330000000000,"bizType":2,"pageIndex":1,"pageSize":10,"prov":"浙江省","startRow":0}
[DEBUG] 2018-01-29 11:56:07.856 [http-nio-8001-exec-5] getAll - ==>  Preparing: select area_id, parent_area_id, area_name, parent_area_name, level, gmt_create, gmt_modify, status, feature from base_area WHERE status = ? 
[DEBUG] 2018-01-29 11:56:07.856 [http-nio-8001-exec-5] getAll - ==> Parameters: 0(Byte)
[DEBUG] 2018-01-29 11:56:07.987 [http-nio-8001-exec-5] getAll - <==      Total: 377
[DEBUG] 2018-01-29 11:56:07.992 [http-nio-8001-exec-5] selectByCondition - ==>  Preparing: select prod_id, prod_name, bank_name, mnemonic_code, account, sign_phone, sign_bank_code, biz_type, category_superior, category_junior, rate, mortgage_term, area_id, prov, city, gmt_create, gmt_modify, feature, status from financial_product where 1=1 AND biz_type IN (0, 1, 2) AND area_id IN ( ? , ? , ? , ? , ? , ? , ? , ? , ? , ? , ? , ? ) 
[DEBUG] 2018-01-29 11:56:07.992 [http-nio-8001-exec-5] selectByCondition - ==> Parameters: 330100000000(Long), 330200000000(Long), 330300000000(Long), 330400000000(Long), 330500000000(Long), 330600000000(Long), 330700000000(Long), 330800000000(Long), 330900000000(Long), 331000000000(Long), 331100000000(Long), 330000000000(Long)
[DEBUG] 2018-01-29 11:56:08.004 [http-nio-8001-exec-5] selectByCondition - <==      Total: 1
[DEBUG] 2018-01-29 11:56:08.006 [http-nio-8001-exec-5] selectByPrimaryKey - ==>  Preparing: select area_id, parent_area_id, area_name, parent_area_name, level, gmt_create, gmt_modify, status, feature from base_area where area_id = ? AND status = ? 
[DEBUG] 2018-01-29 11:56:08.006 [http-nio-8001-exec-5] selectByPrimaryKey - ==> Parameters: 330100000000(Long), 0(Byte)
[DEBUG] 2018-01-29 11:56:08.026 [http-nio-8001-exec-5] selectByPrimaryKey - <==      Total: 1
